[13:05:36.149] Global cache location '/Users/vibhavp/Library/Caches/typescript/4.1', safe file path '/users/vibhavp/.nvm/versions/node/v15.3.0/lib/node_modules/typescript/lib/typingsafelist.json', types map path /users/vibhavp/.nvm/versions/node/v15.3.0/lib/node_modules/typescript/lib/typesmap.json
[13:05:36.151] Processing cache location '/Users/vibhavp/Library/Caches/typescript/4.1'
[13:05:36.151] Trying to find '/Users/vibhavp/Library/Caches/typescript/4.1/package.json'...
[13:05:36.153] Loaded content of '/Users/vibhavp/Library/Caches/typescript/4.1/package.json': {"private":true,"dependencies":{"types-registry":"^0.1.525"},"devDependencies":{"@types/abbrev":"^1.1.1","@types/accepts":"^1.3.5","@types/ansi-styles":"^3.2.1","@types/anymatch":"^1.3.1","@types/are-we-there-yet":"^1.1.0","@types/argparse":"^2.0.4","@types/arr-diff":"^4.0.0","@types/arr-union":"^3.1.0","@types/array-unique":"^0.3.0","@types/array.prototype.flat":"^1.2.1","@types/asn1":"^0.2.0","@types/asn1js":"^2.0.0","@types/assert-plus":"^1.0.4","@types/async":"^3.2.5","@types/atob":"^2.1.2","@types/aws4":"^1.5.1","@types/babel__core":"^7.1.12","@types/babel__preset-env":"^7.9.1","@types/balanced-match":"^1.0.1","@types/base64-js":"^1.3.0","@types/basic-auth":"^1.1.3","@types/bcrypt":"^3.0.0","@types/bindings":"^1.3.0","@types/bl":"^2.1.0","@types/bluebird":"^3.5.33","@types/body-parser":"^1.19.0","@types/brace-expansion":"^1.1.0","@types/braces":"^3.0.0","@types/browserslist":"^4.8.0","@types/bser":"^2.0.0","@types/bson":"^4.0.3","@types/buffer-crc32":"^0.2.0","@types/buffer-from":"^1.1.0","@types/bunyan":"^1.8.6","@types/bytes":"^3.1.0","@types/cacheable-request":"^6.0.1","@types/caniuse-lite":"^1.0.0","@types/caseless":"^0.12.2","@types/chardet":"^0.8.0","@types/chownr":"^1.0.0","@types/ci-info":"^2.0.0","@types/cli-color":"^2.0.0","@types/clone":"^2.1.0","@types/co":"^4.6.2","@types/color-convert":"^2.0.0","@types/color-name":"^1.1.1","@types/combined-stream":"^1.0.2","@types/common-errors":"^1.0.1","@types/commondir":"^1.0.0","@types/component-emitter":"^1.2.10","@types/concat-map":"^0.0.0","@types/configstore":"^4.0.0","@types/confusing-browser-globals":"^1.0.0","@types/contains-path":"^1.0.0","@types/content-disposition":"^0.5.3","@types/content-type":"^1.1.3","@types/convert-source-map":"^1.5.1","@types/cookie":"^0.4.0","@types/cookie-signature":"^1.0.3","@types/core-js":"^2.5.4","@types/cors":"^2.8.8","@types/cross-spawn":"^6.0.2","@types/cssom":"^0.4.1","@types/cssstyle":"^2.2.1","@types/d":"^1.0.0","@types/dashdash":"^1.14.0","@types/data-urls":"^2.0.0","@types/debug":"^4.1.5","@types/decode-uri-component":"^0.2.0","@types/deep-extend":"^0.4.31","@types/define-properties":"^1.1.3","@types/depd":"^1.1.32","@types/destroy":"^1.0.0","@types/doctrine":"^0.0.3","@types/domexception":"^2.0.1","@types/dottie":"^2.0.3","@types/duplexer3":"^0.1.0","@types/ee-first":"^1.1.0","@types/encodeurl":"^1.0.0","@types/end-of-stream":"^1.4.0","@types/es-abstract":"^1.17.2","@types/es-to-primitive":"^1.2.4","@types/es6-weak-map":"^1.2.0","@types/escape-html":"^1.0.0","@types/escodegen":"^0.0.6","@types/eslint":"^7.2.6","@types/eslint-config-prettier":"^6.11.0","@types/eslint-plugin-prettier":"^3.1.0","@types/eslint-scope":"^3.7.0","@types/eslint-visitor-keys":"^1.0.0","@types/esprima":"^4.0.2","@types/esquery":"^1.0.1","@types/estraverse":"^5.1.0","@types/etag":"^1.8.0","@types/event-emitter":"^0.3.3","@types/exit":"^0.1.31","@types/express":"^4.17.9","@types/extend":"^3.0.1","@types/extsprintf":"^1.4.1","@types/faker":"^5.1.5","@types/fast-json-stable-stringify":"^2.0.0","@types/fast-levenshtein":"^0.0.1","@types/fb-watchman":"^2.0.0","@types/file-entry-cache":"^5.0.1","@types/finalhandler":"^1.1.0","@types/find-cache-dir":"^3.2.0","@types/flat-cache":"^2.0.0","@types/follow-redirects":"^1.13.0","@types/forever-agent":"^0.6.0","@types/forwarded":"^0.1.0","@types/fresh":"^0.5.0","@types/fs-extra":"^9.0.4","@types/fs-readdir-recursive":"^1.0.0","@types/function-bind":"^1.1.6","@types/geoip-lite":"^1.4.0","@types/get-caller-file":"^1.0.0","@types/get-value":"^3.0.1","@types/getpass":"^0.1.0","@types/glob":"^7.1.3","@types/glob-parent":"^5.1.0","@types/got":"^9.6.11","@types/graceful-fs":"^4.1.4","@types/has":"^1.0.0","@types/has-symbols":"^1.0.0","@types/hosted-git-info":"^3.0.1","@types/html-encoding-sniffer":"^2.0.1","@types/html-escaper":"^3.0.0","@types/http-cache-semantics":"^4.0.0","@types/http-errors":"^1.8.0","@types/ignore-walk":"^3.0.1","@types/imurmurhash":"^0.1.1","@types/inflection":"^1.5.28","@types/inherits":"^0.0.30","@types/ini":"^1.3.30","@types/inquirer":"^7.3.1","@types/interpret":"^1.1.1","@types/invariant":"^2.2.34","@types/is-buffer":"^2.0.0","@types/is-callable":"^1.1.0","@types/is-ci":"^2.0.0","@types/is-core-module":"^2.2.0","@types/is-date-object":"^1.0.1","@types/is-glob":"^4.0.1","@types/is-number":"^7.0.1","@types/is-promise":"^2.1.0","@types/is-regex":"^1.0.0","@types/is-typedarray":"^1.0.0","@types/is-windows":"^1.0.0","@types/isarray":"^2.0.0","@types/isexe":"^2.0.0","@types/isstream":"^0.1.0","@types/istanbul-lib-coverage":"^2.0.3","@types/istanbul-lib-instrument":"^1.7.4","@types/istanbul-lib-report":"^3.0.0","@types/istanbul-lib-source-maps":"^4.0.1","@types/istanbul-reports":"^3.0.0","@types/jaeger-client":"^3.15.4","@types/js-beautify":"^1.13.1","@types/js-yaml":"^3.12.5","@types/jsbn":"^1.2.29","@types/jsdom":"^16.2.5","@types/jsesc":"^2.5.1","@types/json-buffer":"^3.0.0","@types/json-schema":"^7.0.6","@types/json-schema-traverse":"^0.4.0","@types/json-stringify-safe":"^5.0.0","@types/json5":"^0.0.30","@types/jsonfile":"^6.0.0","@types/keyv":"^3.1.1","@types/kind-of":"^6.0.0","@types/lodash":"^4.14.165","@types/lodash-es":"^4.17.3","@types/lodash.sortby":"^4.7.6","@types/long":"^4.0.1","@types/lru-cache":"^5.1.0","@types/media-typer":"^1.1.0","@types/memoizee":"^0.4.5","@types/memory-pager":"^1.4.0","@types/merge-descriptors":"^1.0.1","@types/merge-stream":"^1.1.2","@types/methods":"^1.1.1","@types/micromatch":"^4.0.1","@types/mime":"^2.0.3","@types/mime-db":"^1.43.0","@types/mime-types":"^2.1.0","@types/minimatch":"^3.0.3","@types/minimist":"^1.2.1","@types/minipass":"^2.2.0","@types/mkdirp":"^1.0.1","@types/mongodb":"^3.6.3","@types/morgan":"^1.9.2","@types/ms":"^0.7.31","@types/mute-stream":"^0.0.0","@types/mv":"^2.1.0","@types/natural-compare":"^1.4.0","@types/ncp":"^2.0.4","@types/needle":"^2.5.1","@types/negotiator":"^0.6.1","@types/next-tick":"^1.0.0","@types/ngeohash":"^0.6.2","@types/nice-try":"^2.1.0","@types/node-int64":"^0.4.29","@types/node-notifier":"^8.0.0","@types/nodemon":"^1.19.0","@types/nopt":"^3.0.29","@types/normalize-package-data":"^2.4.0","@types/normalize-path":"^3.0.0","@types/npm-packlist":"^1.1.1","@types/npmlog":"^4.1.2","@types/number-is-nan":"^1.0.0","@types/object-assign":"^4.0.30","@types/object-inspect":"^1.8.0","@types/object-keys":"^1.0.1","@types/object.getownpropertydescriptors":"^2.1.1","@types/object.pick":"^1.3.0","@types/on-finished":"^2.3.1","@types/on-headers":"^1.0.0","@types/once":"^1.4.0","@types/os-homedir":"^1.0.0","@types/os-tmpdir":"^1.0.0","@types/osenv":"^0.1.0","@types/parse-json":"^4.0.0","@types/parse-passwd":"^1.0.0","@types/parse5":"^5.0.3","@types/parseurl":"^1.3.1","@types/pascalcase":"^1.0.0","@types/path-is-absolute":"^1.0.0","@types/path-parse":"^1.0.19","@types/pg":"^7.14.7","@types/pg-pool":"^2.0.2","@types/pg-types":"^1.11.5","@types/picomatch":"^2.2.1","@types/pify":"^3.0.2","@types/pkijs":"^0.0.6","@types/prelude-ls":"^1.1.29","@types/prettier":"^2.1.5","@types/prettier-linter-helpers":"^1.0.0","@types/progress":"^2.0.3","@types/prompts":"^2.0.9","@types/proxy-addr":"^2.0.0","@types/psl":"^1.1.0","@types/pump":"^1.1.0","@types/punycode":"^2.1.0","@types/pvutils":"^1.0.0","@types/qs":"^6.9.5","@types/range-parser":"^1.2.3","@types/rc":"^1.1.0","@types/react-is":"^17.0.0","@types/readable-stream":"^2.3.9","@types/rechoir":"^0.6.1","@types/regenerator-runtime":"^0.13.0","@types/registry-auth-token":"^4.2.0","@types/repeat-element":"^1.1.0","@types/repeat-string":"^1.6.0","@types/request":"^2.48.5","@types/request-ip":"^0.0.35","@types/request-promise-native":"^1.0.17","@types/require-directory":"^2.1.1","@types/resolve":"^1.17.1","@types/responselike":"^1.0.0","@types/retry-as-promised":"^2.3.2","@types/rimraf":"^3.0.0","@types/rsvp":"^4.0.3","@types/safe-json-stringify":"^1.1.2","@types/safe-regex":"^1.1.2","@types/safer-buffer":"^2.1.0","@types/sane":"^2.0.0","@types/saslprep":"^1.0.0","@types/sax":"^1.2.1","@types/send":"^0.14.5","@types/serve-static":"^1.13.8","@types/set-value":"^2.0.0","@types/shebang-command":"^1.2.0","@types/shelljs":"^0.8.8","@types/shimmer":"^1.0.1","@types/sigmund":"^1.0.0","@types/signal-exit":"^3.0.0","@types/slice-ansi":"^4.0.0","@types/source-map-support":"^0.5.3","@types/sparse-bitfield":"^3.0.0","@types/spdx-correct":"^2.0.0","@types/spdx-expression-parse":"^3.0.0","@types/split":"^1.0.0","@types/sprintf-js":"^1.1.2","@types/sshpk":"^1.10.5","@types/stack-utils":"^2.0.0","@types/statuses":"^2.0.0","@types/string-template":"^1.0.2","@types/supports-color":"^7.2.0","@types/symbol-tree":"^3.2.1","@types/table":"^6.0.0","@types/tar":"^4.0.4","@types/text-table":"^0.2.1","@types/through":"^0.0.30","@types/tmp":"^0.2.0","@types/toposort":"^2.0.3","@types/touch":"^3.1.1","@types/tough-cookie":"^4.0.0","@types/type-check":"^0.3.27","@types/type-detect":"^4.0.1","@types/type-is":"^1.6.3","@types/umzug":"^2.3.0","@types/underscore":"^1.10.24","@types/universalify":"^1.0.0","@types/update-notifier":"^5.0.0","@types/urix":"^0.1.0","@types/useragent":"^2.3.0","@types/util-deprecate":"^1.0.0","@types/utils-merge":"^0.0.28","@types/uuid":"^8.3.0","@types/v8flags":"^3.1.1","@types/validate-npm-package-license":"^3.0.0","@types/validator":"^13.1.1","@types/vary":"^1.1.0","@types/verror":"^1.10.4","@types/w3c-xmlserializer":"^2.0.1","@types/webidl-conversions":"^6.1.0","@types/whatwg-encoding":"^1.0.0","@types/whatwg-mimetype":"^2.1.0","@types/whatwg-url":"^8.0.0","@types/which":"^1.3.2","@types/wrap-ansi":"^3.0.0","@types/write":"^2.0.0","@types/write-file-atomic":"^3.0.1","@types/ws":"^7.4.0","@types/xml":"^1.0.5","@types/xtend":"^4.0.3","@types/y18n":"^4.0.0","@types/yallist":"^3.0.1","@types/yargs":"^15.0.11","@types/yargs-parser":"^15.0.0","@types/yauzl":"^2.9.1","@types/yup":"^0.29.10"}}
[13:05:36.154] Loaded content of '/Users/vibhavp/Library/Caches/typescript/4.1/package-lock.json'
[13:05:36.167] Adding entry into typings cache: 'abbrev' => '/Users/vibhavp/Library/Caches/typescript/4.1/node_modules/@types/abbrev/index.d.ts'
[13:05:36.170] Adding entry into typings cache: 'accepts' => '/Users/vibhavp/Library/Caches/typescript/4.1/node_modules/@types/accepts/index.d.ts'
[13:05:36.173] Adding entry into typings cache: 'ansi-styles' => '/Users/vibhavp/Library/Caches/typescript/4.1/node_modules/ansi-styles/index.d.ts'
[13:05:36.176] Adding entry into typings cache: 'anymatch' => '/Users/vibhavp/Library/Caches/typescript/4.1/node_modules/@types/anymatch/index.d.ts'
[13:05:36.177] Adding entry into typings cache: 'are-we-there-yet' => '/Users/vibhavp/Library/Caches/typescript/4.1/node_modules/@types/are-we-there-yet/index.d.ts'
[13:05:36.180] Adding entry into typings cache: 'argparse' => '/Users/vibhavp/Library/Caches/typescript/4.1/node_modules/@types/argparse/index.d.ts'
[13:05:36.182] Adding entry into typings cache: 'arr-diff' => '/Users/vibhavp/Library/Caches/typescript/4.1/node_modules/@types/arr-diff/index.d.ts'
[13:05:36.183] Adding entry into typings cache: 'arr-union' => '/Users/vibhavp/Library/Caches/typescript/4.1/node_modules/@types/arr-union/index.d.ts'
[13:05:36.185] Adding entry into typings cache: 'array-unique' => '/Users/vibhavp/Library/Caches/typescript/4.1/node_modules/@types/array-unique/index.d.ts'
[13:05:36.187] Adding entry into typings cache: 'array.prototype.flat' => '/Users/vibhavp/Library/Caches/typescript/4.1/node_modules/@types/array.prototype.flat/index.d.ts'
[13:05:36.188] Adding entry into typings cache: 'asn1' => '/Users/vibhavp/Library/Caches/typescript/4.1/node_modules/@types/asn1/index.d.ts'
[13:05:36.190] Adding entry into typings cache: 'asn1js' => '/Users/vibhavp/Library/Caches/typescript/4.1/node_modules/@types/asn1js/index.d.ts'
[13:05:36.192] Adding entry into typings cache: 'assert-plus' => '/Users/vibhavp/Library/Caches/typescript/4.1/node_modules/@types/assert-plus/index.d.ts'
[13:05:36.196] Adding entry into typings cache: 'async' => '/Users/vibhavp/Library/Caches/typescript/4.1/node_modules/@types/async/index.d.ts'
[13:05:36.198] Adding entry into typings cache: 'atob' => '/Users/vibhavp/Library/Caches/typescript/4.1/node_modules/@types/atob/index.d.ts'
[13:05:36.199] Adding entry into typings cache: 'aws4' => '/Users/vibhavp/Library/Caches/typescript/4.1/node_modules/@types/aws4/index.d.ts'
[13:05:36.201] Adding entry into typings cache: 'babel__core' => '/Users/vibhavp/Library/Caches/typescript/4.1/node_modules/@types/babel__core/index.d.ts'
[13:05:36.204] Adding entry into typings cache: 'babel__preset-env' => '/Users/vibhavp/Library/Caches/typescript/4.1/node_modules/@types/babel__preset-env/index.d.ts'
[13:05:36.205] Adding entry into typings cache: 'balanced-match' => '/Users/vibhavp/Library/Caches/typescript/4.1/node_modules/@types/balanced-match/index.d.ts'
[13:05:36.207] Adding entry into typings cache: 'base64-js' => '/Users/vibhavp/Library/Caches/typescript/4.1/node_modules/@types/base64-js/index.d.ts'
[13:05:36.208] Adding entry into typings cache: 'basic-auth' => '/Users/vibhavp/Library/Caches/typescript/4.1/node_modules/@types/basic-auth/index.d.ts'
[13:05:36.209] Adding entry into typings cache: 'bcrypt' => '/Users/vibhavp/Library/Caches/typescript/4.1/node_modules/@types/bcrypt/index.d.ts'
[13:05:36.211] Adding entry into typings cache: 'bindings' => '/Users/vibhavp/Library/Caches/typescript/4.1/node_modules/@types/bindings/index.d.ts'
[13:05:36.212] Adding entry into typings cache: 'bl' => '/Users/vibhavp/Library/Caches/typescript/4.1/node_modules/@types/bl/index.d.ts'
[13:05:36.213] Adding entry into typings cache: 'bluebird' => '/Users/vibhavp/Library/Caches/typescript/4.1/node_modules/@types/bluebird/index.d.ts'
[13:05:36.215] Adding entry into typings cache: 'body-parser' => '/Users/vibhavp/Library/Caches/typescript/4.1/node_modules/@types/body-parser/index.d.ts'
[13:05:36.216] Adding entry into typings cache: 'brace-expansion' => '/Users/vibhavp/Library/Caches/typescript/4.1/node_modules/@types/brace-expansion/index.d.ts'
[13:05:36.217] Adding entry into typings cache: 'braces' => '/Users/vibhavp/Library/Caches/typescript/4.1/node_modules/@types/braces/index.d.ts'
[13:05:36.219] Adding entry into typings cache: 'browserslist' => '/Users/vibhavp/Library/Caches/typescript/4.1/node_modules/@types/browserslist/index.d.ts'
[13:05:36.220] Adding entry into typings cache: 'bser' => '/Users/vibhavp/Library/Caches/typescript/4.1/node_modules/@types/bser/index.d.ts'
[13:05:36.222] Adding entry into typings cache: 'bson' => '/Users/vibhavp/Library/Caches/typescript/4.1/node_modules/@types/bson/index.d.ts'
[13:05:36.223] Adding entry into typings cache: 'buffer-crc32' => '/Users/vibhavp/Library/Caches/typescript/4.1/node_modules/@types/buffer-crc32/index.d.ts'
[13:05:36.224] Adding entry into typings cache: 'buffer-from' => '/Users/vibhavp/Library/Caches/typescript/4.1/node_modules/@types/buffer-from/index.d.ts'
[13:05:36.226] Adding entry into typings cache: 'bunyan' => '/Users/vibhavp/Library/Caches/typescript/4.1/node_modules/@types/bunyan/index.d.ts'
[13:05:36.227] Adding entry into typings cache: 'bytes' => '/Users/vibhavp/Library/Caches/typescript/4.1/node_modules/@types/bytes/index.d.ts'
[13:05:36.228] Adding entry into typings cache: 'cacheable-request' => '/Users/vibhavp/Library/Caches/typescript/4.1/node_modules/@types/cacheable-request/index.d.ts'
[13:05:36.229] Adding entry into typings cache: 'caniuse-lite' => '/Users/vibhavp/Library/Caches/typescript/4.1/node_modules/@types/caniuse-lite/index.d.ts'
[13:05:36.231] Adding entry into typings cache: 'caseless' => '/Users/vibhavp/Library/Caches/typescript/4.1/node_modules/@types/caseless/index.d.ts'
[13:05:36.232] Adding entry into typings cache: 'chardet' => '/Users/vibhavp/Library/Caches/typescript/4.1/node_modules/@types/chardet/index.d.ts'
[13:05:36.233] Adding entry into typings cache: 'chownr' => '/Users/vibhavp/Library/Caches/typescript/4.1/node_modules/@types/chownr/index.d.ts'
[13:05:36.234] Adding entry into typings cache: 'ci-info' => '/Users/vibhavp/Library/Caches/typescript/4.1/node_modules/@types/ci-info/index.d.ts'
[13:05:36.236] Adding entry into typings cache: 'cli-color' => '/Users/vibhavp/Library/Caches/typescript/4.1/node_modules/@types/cli-color/index.d.ts'
[13:05:36.237] Adding entry into typings cache: 'clone' => '/Users/vibhavp/Library/Caches/typescript/4.1/node_modules/@types/clone/index.d.ts'
[13:05:36.238] Adding entry into typings cache: 'co' => '/Users/vibhavp/Library/Caches/typescript/4.1/node_modules/@types/co/index.d.ts'
[13:05:36.241] Adding entry into typings cache: 'color-convert' => '/Users/vibhavp/Library/Caches/typescript/4.1/node_modules/@types/color-convert/index.d.ts'
[13:05:36.243] Adding entry into typings cache: 'color-name' => '/Users/vibhavp/Library/Caches/typescript/4.1/node_modules/@types/color-name/index.d.ts'
[13:05:36.247] Adding entry into typings cache: 'combined-stream' => '/Users/vibhavp/Library/Caches/typescript/4.1/node_modules/@types/combined-stream/index.d.ts'
[13:05:36.248] Adding entry into typings cache: 'common-errors' => '/Users/vibhavp/Library/Caches/typescript/4.1/node_modules/@types/common-errors/index.d.ts'
[13:05:36.249] Adding entry into typings cache: 'commondir' => '/Users/vibhavp/Library/Caches/typescript/4.1/node_modules/@types/commondir/index.d.ts'
[13:05:36.250] Adding entry into typings cache: 'component-emitter' => '/Users/vibhavp/Library/Caches/typescript/4.1/node_modules/@types/component-emitter/index.d.ts'
[13:05:36.252] Adding entry into typings cache: 'concat-map' => '/Users/vibhavp/Library/Caches/typescript/4.1/node_modules/@types/concat-map/index.d.ts'
[13:05:36.253] Adding entry into typings cache: 'configstore' => '/Users/vibhavp/Library/Caches/typescript/4.1/node_modules/@types/configstore/index.d.ts'
[13:05:36.254] Adding entry into typings cache: 'confusing-browser-globals' => '/Users/vibhavp/Library/Caches/typescript/4.1/node_modules/@types/confusing-browser-globals/index.d.ts'
[13:05:36.255] Adding entry into typings cache: 'contains-path' => '/Users/vibhavp/Library/Caches/typescript/4.1/node_modules/@types/contains-path/index.d.ts'
[13:05:36.257] Adding entry into typings cache: 'content-disposition' => '/Users/vibhavp/Library/Caches/typescript/4.1/node_modules/@types/content-disposition/index.d.ts'
[13:05:36.258] Adding entry into typings cache: 'content-type' => '/Users/vibhavp/Library/Caches/typescript/4.1/node_modules/@types/content-type/index.d.ts'
[13:05:36.260] Adding entry into typings cache: 'convert-source-map' => '/Users/vibhavp/Library/Caches/typescript/4.1/node_modules/@types/convert-source-map/index.d.ts'
[13:05:36.261] Adding entry into typings cache: 'cookie' => '/Users/vibhavp/Library/Caches/typescript/4.1/node_modules/@types/cookie/index.d.ts'
[13:05:36.263] Adding entry into typings cache: 'cookie-signature' => '/Users/vibhavp/Library/Caches/typescript/4.1/node_modules/@types/cookie-signature/index.d.ts'
[13:05:36.265] Adding entry into typings cache: 'core-js' => '/Users/vibhavp/Library/Caches/typescript/4.1/node_modules/@types/core-js/index.d.ts'
[13:05:36.267] Adding entry into typings cache: 'cors' => '/Users/vibhavp/Library/Caches/typescript/4.1/node_modules/@types/cors/index.d.ts'
[13:05:36.268] Adding entry into typings cache: 'cross-spawn' => '/Users/vibhavp/Library/Caches/typescript/4.1/node_modules/@types/cross-spawn/index.d.ts'
[13:05:36.269] Adding entry into typings cache: 'cssom' => '/Users/vibhavp/Library/Caches/typescript/4.1/node_modules/@types/cssom/index.d.ts'
[13:05:36.271] Adding entry into typings cache: 'cssstyle' => '/Users/vibhavp/Library/Caches/typescript/4.1/node_modules/@types/cssstyle/index.d.ts'
[13:05:36.273] Adding entry into typings cache: 'd' => '/Users/vibhavp/Library/Caches/typescript/4.1/node_modules/@types/d/index.d.ts'
[13:05:36.274] Adding entry into typings cache: 'dashdash' => '/Users/vibhavp/Library/Caches/typescript/4.1/node_modules/@types/dashdash/index.d.ts'
[13:05:36.275] Adding entry into typings cache: 'data-urls' => '/Users/vibhavp/Library/Caches/typescript/4.1/node_modules/@types/data-urls/index.d.ts'
[13:05:36.278] Adding entry into typings cache: 'debug' => '/Users/vibhavp/Library/Caches/typescript/4.1/node_modules/@types/debug/index.d.ts'
[13:05:36.279] Adding entry into typings cache: 'decode-uri-component' => '/Users/vibhavp/Library/Caches/typescript/4.1/node_modules/@types/decode-uri-component/index.d.ts'
[13:05:36.281] Adding entry into typings cache: 'deep-extend' => '/Users/vibhavp/Library/Caches/typescript/4.1/node_modules/@types/deep-extend/index.d.ts'
[13:05:36.282] Adding entry into typings cache: 'define-properties' => '/Users/vibhavp/Library/Caches/typescript/4.1/node_modules/@types/define-properties/index.d.ts'
[13:05:36.283] Adding entry into typings cache: 'depd' => '/Users/vibhavp/Library/Caches/typescript/4.1/node_modules/@types/depd/index.d.ts'
[13:05:36.284] Adding entry into typings cache: 'destroy' => '/Users/vibhavp/Library/Caches/typescript/4.1/node_modules/@types/destroy/index.d.ts'
[13:05:36.285] Adding entry into typings cache: 'doctrine' => '/Users/vibhavp/Library/Caches/typescript/4.1/node_modules/@types/doctrine/index.d.ts'
[13:05:36.286] Adding entry into typings cache: 'domexception' => '/Users/vibhavp/Library/Caches/typescript/4.1/node_modules/@types/domexception/index.d.ts'
[13:05:36.289] Adding entry into typings cache: 'dottie' => '/Users/vibhavp/Library/Caches/typescript/4.1/node_modules/@types/dottie/index.d.ts'
[13:05:36.290] Adding entry into typings cache: 'duplexer3' => '/Users/vibhavp/Library/Caches/typescript/4.1/node_modules/@types/duplexer3/index.d.ts'
[13:05:36.292] Adding entry into typings cache: 'ee-first' => '/Users/vibhavp/Library/Caches/typescript/4.1/node_modules/@types/ee-first/index.d.ts'
[13:05:36.293] Adding entry into typings cache: 'encodeurl' => '/Users/vibhavp/Library/Caches/typescript/4.1/node_modules/@types/encodeurl/index.d.ts'
[13:05:36.295] Adding entry into typings cache: 'end-of-stream' => '/Users/vibhavp/Library/Caches/typescript/4.1/node_modules/@types/end-of-stream/index.d.ts'
[13:05:36.296] Adding entry into typings cache: 'es-abstract' => '/Users/vibhavp/Library/Caches/typescript/4.1/node_modules/@types/es-abstract/index.d.ts'
[13:05:36.297] Adding entry into typings cache: 'es-to-primitive' => '/Users/vibhavp/Library/Caches/typescript/4.1/node_modules/@types/es-to-primitive/index.d.ts'
[13:05:36.298] Adding entry into typings cache: 'es6-weak-map' => '/Users/vibhavp/Library/Caches/typescript/4.1/node_modules/@types/es6-weak-map/index.d.ts'
[13:05:36.299] Adding entry into typings cache: 'escape-html' => '/Users/vibhavp/Library/Caches/typescript/4.1/node_modules/@types/escape-html/index.d.ts'
[13:05:36.300] Adding entry into typings cache: 'escodegen' => '/Users/vibhavp/Library/Caches/typescript/4.1/node_modules/@types/escodegen/index.d.ts'
[13:05:36.302] Adding entry into typings cache: 'eslint' => '/Users/vibhavp/Library/Caches/typescript/4.1/node_modules/@types/eslint/index.d.ts'
[13:05:36.303] Adding entry into typings cache: 'eslint-config-prettier' => '/Users/vibhavp/Library/Caches/typescript/4.1/node_modules/@types/eslint-config-prettier/index.d.ts'
[13:05:36.304] Adding entry into typings cache: 'eslint-plugin-prettier' => '/Users/vibhavp/Library/Caches/typescript/4.1/node_modules/@types/eslint-plugin-prettier/index.d.ts'
[13:05:36.305] Adding entry into typings cache: 'eslint-scope' => '/Users/vibhavp/Library/Caches/typescript/4.1/node_modules/@types/eslint-scope/index.d.ts'
[13:05:36.306] Adding entry into typings cache: 'eslint-visitor-keys' => '/Users/vibhavp/Library/Caches/typescript/4.1/node_modules/@types/eslint-visitor-keys/index.d.ts'
[13:05:36.307] Adding entry into typings cache: 'esprima' => '/Users/vibhavp/Library/Caches/typescript/4.1/node_modules/@types/esprima/index.d.ts'
[13:05:36.308] Adding entry into typings cache: 'esquery' => '/Users/vibhavp/Library/Caches/typescript/4.1/node_modules/@types/esquery/index.d.ts'
[13:05:36.309] Adding entry into typings cache: 'estraverse' => '/Users/vibhavp/Library/Caches/typescript/4.1/node_modules/@types/estraverse/index.d.ts'
[13:05:36.310] Adding entry into typings cache: 'etag' => '/Users/vibhavp/Library/Caches/typescript/4.1/node_modules/@types/etag/index.d.ts'
[13:05:36.312] Adding entry into typings cache: 'event-emitter' => '/Users/vibhavp/Library/Caches/typescript/4.1/node_modules/@types/event-emitter/index.d.ts'
[13:05:36.313] Adding entry into typings cache: 'exit' => '/Users/vibhavp/Library/Caches/typescript/4.1/node_modules/@types/exit/index.d.ts'
[13:05:36.315] Adding entry into typings cache: 'express' => '/Users/vibhavp/Library/Caches/typescript/4.1/node_modules/@types/express/index.d.ts'
[13:05:36.316] Adding entry into typings cache: 'extend' => '/Users/vibhavp/Library/Caches/typescript/4.1/node_modules/@types/extend/index.d.ts'
[13:05:36.317] Adding entry into typings cache: 'extsprintf' => '/Users/vibhavp/Library/Caches/typescript/4.1/node_modules/@types/extsprintf/index.d.ts'
[13:05:36.319] Adding entry into typings cache: 'faker' => '/Users/vibhavp/Library/Caches/typescript/4.1/node_modules/@types/faker/index.d.ts'
[13:05:36.320] Adding entry into typings cache: 'fast-json-stable-stringify' => '/Users/vibhavp/Library/Caches/typescript/4.1/node_modules/@types/fast-json-stable-stringify/index.d.ts'
[13:05:36.321] Adding entry into typings cache: 'fast-levenshtein' => '/Users/vibhavp/Library/Caches/typescript/4.1/node_modules/@types/fast-levenshtein/index.d.ts'
[13:05:36.322] Adding entry into typings cache: 'fb-watchman' => '/Users/vibhavp/Library/Caches/typescript/4.1/node_modules/@types/fb-watchman/index.d.ts'
[13:05:36.323] Adding entry into typings cache: 'file-entry-cache' => '/Users/vibhavp/Library/Caches/typescript/4.1/node_modules/@types/file-entry-cache/index.d.ts'
[13:05:36.324] Adding entry into typings cache: 'finalhandler' => '/Users/vibhavp/Library/Caches/typescript/4.1/node_modules/@types/finalhandler/index.d.ts'
[13:05:36.325] Adding entry into typings cache: 'find-cache-dir' => '/Users/vibhavp/Library/Caches/typescript/4.1/node_modules/@types/find-cache-dir/index.d.ts'
[13:05:36.326] Adding entry into typings cache: 'flat-cache' => '/Users/vibhavp/Library/Caches/typescript/4.1/node_modules/@types/flat-cache/index.d.ts'
[13:05:36.328] Adding entry into typings cache: 'follow-redirects' => '/Users/vibhavp/Library/Caches/typescript/4.1/node_modules/@types/follow-redirects/index.d.ts'
[13:05:36.329] Adding entry into typings cache: 'forever-agent' => '/Users/vibhavp/Library/Caches/typescript/4.1/node_modules/@types/forever-agent/index.d.ts'
[13:05:36.330] Adding entry into typings cache: 'forwarded' => '/Users/vibhavp/Library/Caches/typescript/4.1/node_modules/@types/forwarded/index.d.ts'
[13:05:36.331] Adding entry into typings cache: 'fresh' => '/Users/vibhavp/Library/Caches/typescript/4.1/node_modules/@types/fresh/index.d.ts'
[13:05:36.332] Adding entry into typings cache: 'fs-extra' => '/Users/vibhavp/Library/Caches/typescript/4.1/node_modules/@types/fs-extra/index.d.ts'
[13:05:36.333] Adding entry into typings cache: 'fs-readdir-recursive' => '/Users/vibhavp/Library/Caches/typescript/4.1/node_modules/@types/fs-readdir-recursive/index.d.ts'
[13:05:36.335] Adding entry into typings cache: 'function-bind' => '/Users/vibhavp/Library/Caches/typescript/4.1/node_modules/@types/function-bind/index.d.ts'
[13:05:36.335] Adding entry into typings cache: 'geoip-lite' => '/Users/vibhavp/Library/Caches/typescript/4.1/node_modules/@types/geoip-lite/index.d.ts'
[13:05:36.336] Adding entry into typings cache: 'get-caller-file' => '/Users/vibhavp/Library/Caches/typescript/4.1/node_modules/@types/get-caller-file/index.d.ts'
[13:05:36.338] Adding entry into typings cache: 'get-value' => '/Users/vibhavp/Library/Caches/typescript/4.1/node_modules/@types/get-value/index.d.ts'
[13:05:36.339] Adding entry into typings cache: 'getpass' => '/Users/vibhavp/Library/Caches/typescript/4.1/node_modules/@types/getpass/index.d.ts'
[13:05:36.340] Adding entry into typings cache: 'glob' => '/Users/vibhavp/Library/Caches/typescript/4.1/node_modules/@types/glob/index.d.ts'
[13:05:36.341] Adding entry into typings cache: 'glob-parent' => '/Users/vibhavp/Library/Caches/typescript/4.1/node_modules/@types/glob-parent/index.d.ts'
[13:05:36.342] Adding entry into typings cache: 'got' => '/Users/vibhavp/Library/Caches/typescript/4.1/node_modules/@types/got/index.d.ts'
[13:05:36.344] Adding entry into typings cache: 'graceful-fs' => '/Users/vibhavp/Library/Caches/typescript/4.1/node_modules/@types/graceful-fs/index.d.ts'
[13:05:36.345] Adding entry into typings cache: 'has' => '/Users/vibhavp/Library/Caches/typescript/4.1/node_modules/@types/has/index.d.ts'
[13:05:36.346] Adding entry into typings cache: 'has-symbols' => '/Users/vibhavp/Library/Caches/typescript/4.1/node_modules/@types/has-symbols/index.d.ts'
[13:05:36.348] Adding entry into typings cache: 'hosted-git-info' => '/Users/vibhavp/Library/Caches/typescript/4.1/node_modules/@types/hosted-git-info/index.d.ts'
[13:05:36.349] Adding entry into typings cache: 'html-encoding-sniffer' => '/Users/vibhavp/Library/Caches/typescript/4.1/node_modules/@types/html-encoding-sniffer/index.d.ts'
[13:05:36.350] Adding entry into typings cache: 'html-escaper' => '/Users/vibhavp/Library/Caches/typescript/4.1/node_modules/@types/html-escaper/index.d.ts'
[13:05:36.351] Adding entry into typings cache: 'http-cache-semantics' => '/Users/vibhavp/Library/Caches/typescript/4.1/node_modules/@types/http-cache-semantics/index.d.ts'
[13:05:36.352] Adding entry into typings cache: 'http-errors' => '/Users/vibhavp/Library/Caches/typescript/4.1/node_modules/@types/http-errors/index.d.ts'
[13:05:36.354] Adding entry into typings cache: 'ignore-walk' => '/Users/vibhavp/Library/Caches/typescript/4.1/node_modules/@types/ignore-walk/index.d.ts'
[13:05:36.355] Adding entry into typings cache: 'imurmurhash' => '/Users/vibhavp/Library/Caches/typescript/4.1/node_modules/@types/imurmurhash/index.d.ts'
[13:05:36.356] Adding entry into typings cache: 'inflection' => '/Users/vibhavp/Library/Caches/typescript/4.1/node_modules/@types/inflection/index.d.ts'
[13:05:36.357] Adding entry into typings cache: 'inherits' => '/Users/vibhavp/Library/Caches/typescript/4.1/node_modules/@types/inherits/index.d.ts'
[13:05:36.358] Adding entry into typings cache: 'ini' => '/Users/vibhavp/Library/Caches/typescript/4.1/node_modules/@types/ini/index.d.ts'
[13:05:36.359] Adding entry into typings cache: 'inquirer' => '/Users/vibhavp/Library/Caches/typescript/4.1/node_modules/@types/inquirer/index.d.ts'
[13:05:36.360] Adding entry into typings cache: 'interpret' => '/Users/vibhavp/Library/Caches/typescript/4.1/node_modules/@types/interpret/index.d.ts'
[13:05:36.362] Adding entry into typings cache: 'invariant' => '/Users/vibhavp/Library/Caches/typescript/4.1/node_modules/@types/invariant/index.d.ts'
[13:05:36.363] Adding entry into typings cache: 'is-buffer' => '/Users/vibhavp/Library/Caches/typescript/4.1/node_modules/@types/is-buffer/index.d.ts'
[13:05:36.364] Adding entry into typings cache: 'is-callable' => '/Users/vibhavp/Library/Caches/typescript/4.1/node_modules/@types/is-callable/index.d.ts'
[13:05:36.365] Adding entry into typings cache: 'is-ci' => '/Users/vibhavp/Library/Caches/typescript/4.1/node_modules/@types/is-ci/index.d.ts'
[13:05:36.366] Adding entry into typings cache: 'is-core-module' => '/Users/vibhavp/Library/Caches/typescript/4.1/node_modules/@types/is-core-module/index.d.ts'
[13:05:36.367] Adding entry into typings cache: 'is-date-object' => '/Users/vibhavp/Library/Caches/typescript/4.1/node_modules/@types/is-date-object/index.d.ts'
[13:05:36.369] Adding entry into typings cache: 'is-glob' => '/Users/vibhavp/Library/Caches/typescript/4.1/node_modules/@types/is-glob/index.d.ts'
[13:05:36.370] Adding entry into typings cache: 'is-number' => '/Users/vibhavp/Library/Caches/typescript/4.1/node_modules/@types/is-number/index.d.ts'
[13:05:36.370] Adding entry into typings cache: 'is-promise' => '/Users/vibhavp/Library/Caches/typescript/4.1/node_modules/@types/is-promise/index.d.ts'
[13:05:36.371] Adding entry into typings cache: 'is-regex' => '/Users/vibhavp/Library/Caches/typescript/4.1/node_modules/@types/is-regex/index.d.ts'
[13:05:36.372] Adding entry into typings cache: 'is-typedarray' => '/Users/vibhavp/Library/Caches/typescript/4.1/node_modules/@types/is-typedarray/index.d.ts'
[13:05:36.374] Adding entry into typings cache: 'is-windows' => '/Users/vibhavp/Library/Caches/typescript/4.1/node_modules/@types/is-windows/index.d.ts'
[13:05:36.374] Adding entry into typings cache: 'isarray' => '/Users/vibhavp/Library/Caches/typescript/4.1/node_modules/@types/isarray/index.d.ts'
[13:05:36.375] Adding entry into typings cache: 'isexe' => '/Users/vibhavp/Library/Caches/typescript/4.1/node_modules/@types/isexe/index.d.ts'
[13:05:36.376] Adding entry into typings cache: 'isstream' => '/Users/vibhavp/Library/Caches/typescript/4.1/node_modules/@types/isstream/index.d.ts'
[13:05:36.378] Adding entry into typings cache: 'istanbul-lib-coverage' => '/Users/vibhavp/Library/Caches/typescript/4.1/node_modules/@types/istanbul-lib-coverage/index.d.ts'
[13:05:36.379] Adding entry into typings cache: 'istanbul-lib-instrument' => '/Users/vibhavp/Library/Caches/typescript/4.1/node_modules/@types/istanbul-lib-instrument/index.d.ts'
[13:05:36.380] Adding entry into typings cache: 'istanbul-lib-report' => '/Users/vibhavp/Library/Caches/typescript/4.1/node_modules/@types/istanbul-lib-report/index.d.ts'
[13:05:36.381] Adding entry into typings cache: 'istanbul-lib-source-maps' => '/Users/vibhavp/Library/Caches/typescript/4.1/node_modules/@types/istanbul-lib-source-maps/index.d.ts'
[13:05:36.382] Adding entry into typings cache: 'istanbul-reports' => '/Users/vibhavp/Library/Caches/typescript/4.1/node_modules/@types/istanbul-reports/index.d.ts'
[13:05:36.383] Adding entry into typings cache: 'jaeger-client' => '/Users/vibhavp/Library/Caches/typescript/4.1/node_modules/@types/jaeger-client/index.d.ts'
[13:05:36.384] Adding entry into typings cache: 'js-beautify' => '/Users/vibhavp/Library/Caches/typescript/4.1/node_modules/@types/js-beautify/index.d.ts'
[13:05:36.385] Adding entry into typings cache: 'js-yaml' => '/Users/vibhavp/Library/Caches/typescript/4.1/node_modules/@types/js-yaml/index.d.ts'
[13:05:36.386] Adding entry into typings cache: 'jsbn' => '/Users/vibhavp/Library/Caches/typescript/4.1/node_modules/@types/jsbn/index.d.ts'
[13:05:36.387] Adding entry into typings cache: 'jsdom' => '/Users/vibhavp/Library/Caches/typescript/4.1/node_modules/@types/jsdom/index.d.ts'
[13:05:36.388] Adding entry into typings cache: 'jsesc' => '/Users/vibhavp/Library/Caches/typescript/4.1/node_modules/@types/jsesc/index.d.ts'
[13:05:36.389] Adding entry into typings cache: 'json-buffer' => '/Users/vibhavp/Library/Caches/typescript/4.1/node_modules/@types/json-buffer/index.d.ts'
[13:05:36.390] Adding entry into typings cache: 'json-schema' => '/Users/vibhavp/Library/Caches/typescript/4.1/node_modules/@types/json-schema/index.d.ts'
[13:05:36.391] Adding entry into typings cache: 'json-schema-traverse' => '/Users/vibhavp/Library/Caches/typescript/4.1/node_modules/@types/json-schema-traverse/index.d.ts'
[13:05:36.392] Adding entry into typings cache: 'json-stringify-safe' => '/Users/vibhavp/Library/Caches/typescript/4.1/node_modules/@types/json-stringify-safe/index.d.ts'
[13:05:36.393] Adding entry into typings cache: 'json5' => '/Users/vibhavp/Library/Caches/typescript/4.1/node_modules/@types/json5/index.d.ts'
[13:05:36.394] Adding entry into typings cache: 'jsonfile' => '/Users/vibhavp/Library/Caches/typescript/4.1/node_modules/@types/jsonfile/index.d.ts'
[13:05:36.395] Adding entry into typings cache: 'keyv' => '/Users/vibhavp/Library/Caches/typescript/4.1/node_modules/@types/keyv/index.d.ts'
[13:05:36.397] Adding entry into typings cache: 'kind-of' => '/Users/vibhavp/Library/Caches/typescript/4.1/node_modules/@types/kind-of/index.d.ts'
[13:05:36.402] Adding entry into typings cache: 'lodash' => '/Users/vibhavp/Library/Caches/typescript/4.1/node_modules/@types/lodash/index.d.ts'
[13:05:36.404] Adding entry into typings cache: 'lodash-es' => '/Users/vibhavp/Library/Caches/typescript/4.1/node_modules/@types/lodash-es/index.d.ts'
[13:05:36.405] Adding entry into typings cache: 'lodash.sortby' => '/Users/vibhavp/Library/Caches/typescript/4.1/node_modules/@types/lodash.sortby/index.d.ts'
[13:05:36.406] Adding entry into typings cache: 'long' => '/Users/vibhavp/Library/Caches/typescript/4.1/node_modules/@types/long/index.d.ts'
[13:05:36.407] Adding entry into typings cache: 'lru-cache' => '/Users/vibhavp/Library/Caches/typescript/4.1/node_modules/@types/lru-cache/index.d.ts'
[13:05:36.408] Adding entry into typings cache: 'media-typer' => '/Users/vibhavp/Library/Caches/typescript/4.1/node_modules/@types/media-typer/index.d.ts'
[13:05:36.409] Adding entry into typings cache: 'memoizee' => '/Users/vibhavp/Library/Caches/typescript/4.1/node_modules/@types/memoizee/index.d.ts'
[13:05:36.411] Adding entry into typings cache: 'memory-pager' => '/Users/vibhavp/Library/Caches/typescript/4.1/node_modules/@types/memory-pager/index.d.ts'
[13:05:36.412] Adding entry into typings cache: 'merge-descriptors' => '/Users/vibhavp/Library/Caches/typescript/4.1/node_modules/@types/merge-descriptors/index.d.ts'
[13:05:36.412] Adding entry into typings cache: 'merge-stream' => '/Users/vibhavp/Library/Caches/typescript/4.1/node_modules/@types/merge-stream/index.d.ts'
[13:05:36.413] Adding entry into typings cache: 'methods' => '/Users/vibhavp/Library/Caches/typescript/4.1/node_modules/@types/methods/index.d.ts'
[13:05:36.414] Adding entry into typings cache: 'micromatch' => '/Users/vibhavp/Library/Caches/typescript/4.1/node_modules/@types/micromatch/index.d.ts'
[13:05:36.415] Adding entry into typings cache: 'mime' => '/Users/vibhavp/Library/Caches/typescript/4.1/node_modules/@types/mime/index.d.ts'
[13:05:36.417] Adding entry into typings cache: 'mime-db' => '/Users/vibhavp/Library/Caches/typescript/4.1/node_modules/@types/mime-db/index.d.ts'
[13:05:36.418] Adding entry into typings cache: 'mime-types' => '/Users/vibhavp/Library/Caches/typescript/4.1/node_modules/@types/mime-types/index.d.ts'
[13:05:36.419] Adding entry into typings cache: 'minimatch' => '/Users/vibhavp/Library/Caches/typescript/4.1/node_modules/@types/minimatch/index.d.ts'
[13:05:36.420] Adding entry into typings cache: 'minimist' => '/Users/vibhavp/Library/Caches/typescript/4.1/node_modules/@types/minimist/index.d.ts'
[13:05:36.421] Adding entry into typings cache: 'minipass' => '/Users/vibhavp/Library/Caches/typescript/4.1/node_modules/@types/minipass/index.d.ts'
[13:05:36.422] Adding entry into typings cache: 'mkdirp' => '/Users/vibhavp/Library/Caches/typescript/4.1/node_modules/@types/mkdirp/index.d.ts'
[13:05:36.423] Adding entry into typings cache: 'mongodb' => '/Users/vibhavp/Library/Caches/typescript/4.1/node_modules/@types/mongodb/index.d.ts'
[13:05:36.424] Adding entry into typings cache: 'morgan' => '/Users/vibhavp/Library/Caches/typescript/4.1/node_modules/@types/morgan/index.d.ts'
[13:05:36.426] Adding entry into typings cache: 'ms' => '/Users/vibhavp/Library/Caches/typescript/4.1/node_modules/@types/ms/index.d.ts'
[13:05:36.428] Adding entry into typings cache: 'mute-stream' => '/Users/vibhavp/Library/Caches/typescript/4.1/node_modules/@types/mute-stream/index.d.ts'
[13:05:36.429] Adding entry into typings cache: 'mv' => '/Users/vibhavp/Library/Caches/typescript/4.1/node_modules/@types/mv/index.d.ts'
[13:05:36.430] Adding entry into typings cache: 'natural-compare' => '/Users/vibhavp/Library/Caches/typescript/4.1/node_modules/@types/natural-compare/index.d.ts'
[13:05:36.431] Adding entry into typings cache: 'ncp' => '/Users/vibhavp/Library/Caches/typescript/4.1/node_modules/@types/ncp/index.d.ts'
[13:05:36.432] Adding entry into typings cache: 'needle' => '/Users/vibhavp/Library/Caches/typescript/4.1/node_modules/@types/needle/index.d.ts'
[13:05:36.432] Adding entry into typings cache: 'negotiator' => '/Users/vibhavp/Library/Caches/typescript/4.1/node_modules/@types/negotiator/index.d.ts'
[13:05:36.434] Adding entry into typings cache: 'next-tick' => '/Users/vibhavp/Library/Caches/typescript/4.1/node_modules/@types/next-tick/index.d.ts'
[13:05:36.435] Adding entry into typings cache: 'ngeohash' => '/Users/vibhavp/Library/Caches/typescript/4.1/node_modules/@types/ngeohash/index.d.ts'
[13:05:36.436] Adding entry into typings cache: 'nice-try' => '/Users/vibhavp/Library/Caches/typescript/4.1/node_modules/@types/nice-try/index.d.ts'
[13:05:36.438] Adding entry into typings cache: 'node-int64' => '/Users/vibhavp/Library/Caches/typescript/4.1/node_modules/@types/node-int64/index.d.ts'
[13:05:36.439] Adding entry into typings cache: 'node-notifier' => '/Users/vibhavp/Library/Caches/typescript/4.1/node_modules/@types/node-notifier/index.d.ts'
[13:05:36.439] Adding entry into typings cache: 'nodemon' => '/Users/vibhavp/Library/Caches/typescript/4.1/node_modules/@types/nodemon/index.d.ts'
[13:05:36.440] Adding entry into typings cache: 'nopt' => '/Users/vibhavp/Library/Caches/typescript/4.1/node_modules/@types/nopt/index.d.ts'
[13:05:36.440] Adding entry into typings cache: 'normalize-package-data' => '/Users/vibhavp/Library/Caches/typescript/4.1/node_modules/@types/normalize-package-data/index.d.ts'
[13:05:36.442] Adding entry into typings cache: 'normalize-path' => '/Users/vibhavp/Library/Caches/typescript/4.1/node_modules/@types/normalize-path/index.d.ts'
[13:05:36.443] Adding entry into typings cache: 'npm-packlist' => '/Users/vibhavp/Library/Caches/typescript/4.1/node_modules/@types/npm-packlist/index.d.ts'
[13:05:36.444] Adding entry into typings cache: 'npmlog' => '/Users/vibhavp/Library/Caches/typescript/4.1/node_modules/@types/npmlog/index.d.ts'
[13:05:36.444] Adding entry into typings cache: 'number-is-nan' => '/Users/vibhavp/Library/Caches/typescript/4.1/node_modules/@types/number-is-nan/index.d.ts'
[13:05:36.445] Adding entry into typings cache: 'object-assign' => '/Users/vibhavp/Library/Caches/typescript/4.1/node_modules/@types/object-assign/index.d.ts'
[13:05:36.446] Adding entry into typings cache: 'object-inspect' => '/Users/vibhavp/Library/Caches/typescript/4.1/node_modules/@types/object-inspect/index.d.ts'
[13:05:36.446] Adding entry into typings cache: 'object-keys' => '/Users/vibhavp/Library/Caches/typescript/4.1/node_modules/@types/object-keys/index.d.ts'
[13:05:36.447] Adding entry into typings cache: 'object.getownpropertydescriptors' => '/Users/vibhavp/Library/Caches/typescript/4.1/node_modules/@types/object.getownpropertydescriptors/index.d.ts'
[13:05:36.448] Adding entry into typings cache: 'object.pick' => '/Users/vibhavp/Library/Caches/typescript/4.1/node_modules/@types/object.pick/index.d.ts'
[13:05:36.448] Adding entry into typings cache: 'on-finished' => '/Users/vibhavp/Library/Caches/typescript/4.1/node_modules/@types/on-finished/index.d.ts'
[13:05:36.449] Adding entry into typings cache: 'on-headers' => '/Users/vibhavp/Library/Caches/typescript/4.1/node_modules/@types/on-headers/index.d.ts'
[13:05:36.450] Adding entry into typings cache: 'once' => '/Users/vibhavp/Library/Caches/typescript/4.1/node_modules/@types/once/index.d.ts'
[13:05:36.450] Adding entry into typings cache: 'os-homedir' => '/Users/vibhavp/Library/Caches/typescript/4.1/node_modules/@types/os-homedir/index.d.ts'
[13:05:36.451] Adding entry into typings cache: 'os-tmpdir' => '/Users/vibhavp/Library/Caches/typescript/4.1/node_modules/@types/os-tmpdir/index.d.ts'
[13:05:36.452] Adding entry into typings cache: 'osenv' => '/Users/vibhavp/Library/Caches/typescript/4.1/node_modules/@types/osenv/index.d.ts'
[13:05:36.453] Adding entry into typings cache: 'parse-json' => '/Users/vibhavp/Library/Caches/typescript/4.1/node_modules/@types/parse-json/index.d.ts'
[13:05:36.454] Adding entry into typings cache: 'parse-passwd' => '/Users/vibhavp/Library/Caches/typescript/4.1/node_modules/@types/parse-passwd/index.d.ts'
[13:05:36.454] Adding entry into typings cache: 'parse5' => '/Users/vibhavp/Library/Caches/typescript/4.1/node_modules/@types/parse5/index.d.ts'
[13:05:36.455] Adding entry into typings cache: 'parseurl' => '/Users/vibhavp/Library/Caches/typescript/4.1/node_modules/@types/parseurl/index.d.ts'
[13:05:36.456] Adding entry into typings cache: 'pascalcase' => '/Users/vibhavp/Library/Caches/typescript/4.1/node_modules/@types/pascalcase/index.d.ts'
[13:05:36.456] Adding entry into typings cache: 'path-is-absolute' => '/Users/vibhavp/Library/Caches/typescript/4.1/node_modules/@types/path-is-absolute/index.d.ts'
[13:05:36.457] Adding entry into typings cache: 'path-parse' => '/Users/vibhavp/Library/Caches/typescript/4.1/node_modules/@types/path-parse/index.d.ts'
[13:05:36.457] Adding entry into typings cache: 'pg' => '/Users/vibhavp/Library/Caches/typescript/4.1/node_modules/@types/pg/index.d.ts'
[13:05:36.458] Adding entry into typings cache: 'pg-pool' => '/Users/vibhavp/Library/Caches/typescript/4.1/node_modules/@types/pg-pool/index.d.ts'
[13:05:36.460] Adding entry into typings cache: 'pg-types' => '/Users/vibhavp/Library/Caches/typescript/4.1/node_modules/@types/pg-types/index.d.ts'
[13:05:36.461] Adding entry into typings cache: 'picomatch' => '/Users/vibhavp/Library/Caches/typescript/4.1/node_modules/@types/picomatch/index.d.ts'
[13:05:36.461] Adding entry into typings cache: 'pify' => '/Users/vibhavp/Library/Caches/typescript/4.1/node_modules/@types/pify/index.d.ts'
[13:05:36.462] Adding entry into typings cache: 'pkijs' => '/Users/vibhavp/Library/Caches/typescript/4.1/node_modules/@types/pkijs/index.d.ts'
[13:05:36.462] Adding entry into typings cache: 'prelude-ls' => '/Users/vibhavp/Library/Caches/typescript/4.1/node_modules/@types/prelude-ls/index.d.ts'
[13:05:36.463] Adding entry into typings cache: 'prettier' => '/Users/vibhavp/Library/Caches/typescript/4.1/node_modules/@types/prettier/index.d.ts'
[13:05:36.464] Adding entry into typings cache: 'prettier-linter-helpers' => '/Users/vibhavp/Library/Caches/typescript/4.1/node_modules/@types/prettier-linter-helpers/index.d.ts'
[13:05:36.465] Adding entry into typings cache: 'progress' => '/Users/vibhavp/Library/Caches/typescript/4.1/node_modules/@types/progress/index.d.ts'
[13:05:36.466] Adding entry into typings cache: 'prompts' => '/Users/vibhavp/Library/Caches/typescript/4.1/node_modules/@types/prompts/index.d.ts'
[13:05:36.467] Adding entry into typings cache: 'proxy-addr' => '/Users/vibhavp/Library/Caches/typescript/4.1/node_modules/@types/proxy-addr/index.d.ts'
[13:05:36.467] Adding entry into typings cache: 'psl' => '/Users/vibhavp/Library/Caches/typescript/4.1/node_modules/@types/psl/index.d.ts'
[13:05:36.468] Adding entry into typings cache: 'pump' => '/Users/vibhavp/Library/Caches/typescript/4.1/node_modules/@types/pump/index.d.ts'
[13:05:36.469] Adding entry into typings cache: 'punycode' => '/Users/vibhavp/Library/Caches/typescript/4.1/node_modules/@types/punycode/index.d.ts'
[13:05:36.470] Adding entry into typings cache: 'pvutils' => '/Users/vibhavp/Library/Caches/typescript/4.1/node_modules/@types/pvutils/index.d.ts'
[13:05:36.470] Adding entry into typings cache: 'qs' => '/Users/vibhavp/Library/Caches/typescript/4.1/node_modules/@types/qs/index.d.ts'
[13:05:36.471] Adding entry into typings cache: 'range-parser' => '/Users/vibhavp/Library/Caches/typescript/4.1/node_modules/@types/range-parser/index.d.ts'
[13:05:36.472] Adding entry into typings cache: 'rc' => '/Users/vibhavp/Library/Caches/typescript/4.1/node_modules/@types/rc/index.d.ts'
[13:05:36.473] Adding entry into typings cache: 'react-is' => '/Users/vibhavp/Library/Caches/typescript/4.1/node_modules/@types/react-is/index.d.ts'
[13:05:36.473] Adding entry into typings cache: 'readable-stream' => '/Users/vibhavp/Library/Caches/typescript/4.1/node_modules/@types/readable-stream/index.d.ts'
[13:05:36.475] Adding entry into typings cache: 'rechoir' => '/Users/vibhavp/Library/Caches/typescript/4.1/node_modules/@types/rechoir/index.d.ts'
[13:05:36.476] Adding entry into typings cache: 'regenerator-runtime' => '/Users/vibhavp/Library/Caches/typescript/4.1/node_modules/@types/regenerator-runtime/index.d.ts'
[13:05:36.477] Adding entry into typings cache: 'registry-auth-token' => '/Users/vibhavp/Library/Caches/typescript/4.1/node_modules/@types/registry-auth-token/index.d.ts'
[13:05:36.478] Adding entry into typings cache: 'repeat-element' => '/Users/vibhavp/Library/Caches/typescript/4.1/node_modules/@types/repeat-element/index.d.ts'
[13:05:36.479] Adding entry into typings cache: 'repeat-string' => '/Users/vibhavp/Library/Caches/typescript/4.1/node_modules/@types/repeat-string/index.d.ts'
[13:05:36.479] Adding entry into typings cache: 'request' => '/Users/vibhavp/Library/Caches/typescript/4.1/node_modules/@types/request/index.d.ts'
[13:05:36.480] Adding entry into typings cache: 'request-ip' => '/Users/vibhavp/Library/Caches/typescript/4.1/node_modules/@types/request-ip/index.d.ts'
[13:05:36.481] Adding entry into typings cache: 'request-promise-native' => '/Users/vibhavp/Library/Caches/typescript/4.1/node_modules/@types/request-promise-native/index.d.ts'
[13:05:36.482] Adding entry into typings cache: 'require-directory' => '/Users/vibhavp/Library/Caches/typescript/4.1/node_modules/@types/require-directory/index.d.ts'
[13:05:36.483] Adding entry into typings cache: 'resolve' => '/Users/vibhavp/Library/Caches/typescript/4.1/node_modules/@types/resolve/index.d.ts'
[13:05:36.484] Adding entry into typings cache: 'responselike' => '/Users/vibhavp/Library/Caches/typescript/4.1/node_modules/@types/responselike/index.d.ts'
[13:05:36.485] Adding entry into typings cache: 'retry-as-promised' => '/Users/vibhavp/Library/Caches/typescript/4.1/node_modules/@types/retry-as-promised/index.d.ts'
[13:05:36.486] Adding entry into typings cache: 'rimraf' => '/Users/vibhavp/Library/Caches/typescript/4.1/node_modules/@types/rimraf/index.d.ts'
[13:05:36.487] Adding entry into typings cache: 'rsvp' => '/Users/vibhavp/Library/Caches/typescript/4.1/node_modules/@types/rsvp/index.d.ts'
[13:05:36.488] Adding entry into typings cache: 'safe-json-stringify' => '/Users/vibhavp/Library/Caches/typescript/4.1/node_modules/@types/safe-json-stringify/index.d.ts'
[13:05:36.489] Adding entry into typings cache: 'safe-regex' => '/Users/vibhavp/Library/Caches/typescript/4.1/node_modules/@types/safe-regex/index.d.ts'
[13:05:36.489] Adding entry into typings cache: 'safer-buffer' => '/Users/vibhavp/Library/Caches/typescript/4.1/node_modules/@types/safer-buffer/index.d.ts'
[13:05:36.490] Adding entry into typings cache: 'sane' => '/Users/vibhavp/Library/Caches/typescript/4.1/node_modules/@types/sane/index.d.ts'
[13:05:36.491] Adding entry into typings cache: 'saslprep' => '/Users/vibhavp/Library/Caches/typescript/4.1/node_modules/@types/saslprep/index.d.ts'
[13:05:36.492] Adding entry into typings cache: 'sax' => '/Users/vibhavp/Library/Caches/typescript/4.1/node_modules/@types/sax/index.d.ts'
[13:05:36.493] Adding entry into typings cache: 'send' => '/Users/vibhavp/Library/Caches/typescript/4.1/node_modules/@types/send/index.d.ts'
[13:05:36.494] Adding entry into typings cache: 'serve-static' => '/Users/vibhavp/Library/Caches/typescript/4.1/node_modules/@types/serve-static/index.d.ts'
[13:05:36.495] Adding entry into typings cache: 'set-value' => '/Users/vibhavp/Library/Caches/typescript/4.1/node_modules/@types/set-value/index.d.ts'
[13:05:36.496] Adding entry into typings cache: 'shebang-command' => '/Users/vibhavp/Library/Caches/typescript/4.1/node_modules/@types/shebang-command/index.d.ts'
[13:05:36.496] Adding entry into typings cache: 'shelljs' => '/Users/vibhavp/Library/Caches/typescript/4.1/node_modules/@types/shelljs/index.d.ts'
[13:05:36.497] Adding entry into typings cache: 'shimmer' => '/Users/vibhavp/Library/Caches/typescript/4.1/node_modules/@types/shimmer/index.d.ts'
[13:05:36.497] Adding entry into typings cache: 'sigmund' => '/Users/vibhavp/Library/Caches/typescript/4.1/node_modules/@types/sigmund/index.d.ts'
[13:05:36.498] Adding entry into typings cache: 'signal-exit' => '/Users/vibhavp/Library/Caches/typescript/4.1/node_modules/@types/signal-exit/index.d.ts'
[13:05:36.499] Adding entry into typings cache: 'slice-ansi' => '/Users/vibhavp/Library/Caches/typescript/4.1/node_modules/@types/slice-ansi/index.d.ts'
[13:05:36.499] Adding entry into typings cache: 'source-map-support' => '/Users/vibhavp/Library/Caches/typescript/4.1/node_modules/@types/source-map-support/index.d.ts'
[13:05:36.500] Adding entry into typings cache: 'sparse-bitfield' => '/Users/vibhavp/Library/Caches/typescript/4.1/node_modules/@types/sparse-bitfield/index.d.ts'
[13:05:36.501] Adding entry into typings cache: 'spdx-correct' => '/Users/vibhavp/Library/Caches/typescript/4.1/node_modules/@types/spdx-correct/index.d.ts'
[13:05:36.501] Adding entry into typings cache: 'spdx-expression-parse' => '/Users/vibhavp/Library/Caches/typescript/4.1/node_modules/@types/spdx-expression-parse/index.d.ts'
[13:05:36.502] Adding entry into typings cache: 'split' => '/Users/vibhavp/Library/Caches/typescript/4.1/node_modules/@types/split/index.d.ts'
[13:05:36.503] Adding entry into typings cache: 'sprintf-js' => '/Users/vibhavp/Library/Caches/typescript/4.1/node_modules/@types/sprintf-js/index.d.ts'
[13:05:36.504] Adding entry into typings cache: 'sshpk' => '/Users/vibhavp/Library/Caches/typescript/4.1/node_modules/@types/sshpk/index.d.ts'
[13:05:36.505] Adding entry into typings cache: 'stack-utils' => '/Users/vibhavp/Library/Caches/typescript/4.1/node_modules/@types/stack-utils/index.d.ts'
[13:05:36.505] Adding entry into typings cache: 'statuses' => '/Users/vibhavp/Library/Caches/typescript/4.1/node_modules/@types/statuses/index.d.ts'
[13:05:36.506] Adding entry into typings cache: 'string-template' => '/Users/vibhavp/Library/Caches/typescript/4.1/node_modules/@types/string-template/index.d.ts'
[13:05:36.507] Adding entry into typings cache: 'supports-color' => '/Users/vibhavp/Library/Caches/typescript/4.1/node_modules/@types/supports-color/index.d.ts'
[13:05:36.508] Adding entry into typings cache: 'symbol-tree' => '/Users/vibhavp/Library/Caches/typescript/4.1/node_modules/@types/symbol-tree/index.d.ts'
[13:05:36.508] Adding entry into typings cache: 'table' => '/Users/vibhavp/Library/Caches/typescript/4.1/node_modules/@types/table/index.d.ts'
[13:05:36.509] Adding entry into typings cache: 'tar' => '/Users/vibhavp/Library/Caches/typescript/4.1/node_modules/@types/tar/index.d.ts'
[13:05:36.510] Adding entry into typings cache: 'text-table' => '/Users/vibhavp/Library/Caches/typescript/4.1/node_modules/@types/text-table/index.d.ts'
[13:05:36.511] Adding entry into typings cache: 'through' => '/Users/vibhavp/Library/Caches/typescript/4.1/node_modules/@types/through/index.d.ts'
[13:05:36.511] Adding entry into typings cache: 'tmp' => '/Users/vibhavp/Library/Caches/typescript/4.1/node_modules/@types/tmp/index.d.ts'
[13:05:36.513] Adding entry into typings cache: 'toposort' => '/Users/vibhavp/Library/Caches/typescript/4.1/node_modules/@types/toposort/index.d.ts'
[13:05:36.513] Adding entry into typings cache: 'touch' => '/Users/vibhavp/Library/Caches/typescript/4.1/node_modules/@types/touch/index.d.ts'
[13:05:36.514] Adding entry into typings cache: 'tough-cookie' => '/Users/vibhavp/Library/Caches/typescript/4.1/node_modules/@types/tough-cookie/index.d.ts'
[13:05:36.515] Adding entry into typings cache: 'type-check' => '/Users/vibhavp/Library/Caches/typescript/4.1/node_modules/@types/type-check/index.d.ts'
[13:05:36.515] Adding entry into typings cache: 'type-detect' => '/Users/vibhavp/Library/Caches/typescript/4.1/node_modules/@types/type-detect/index.d.ts'
[13:05:36.516] Adding entry into typings cache: 'type-is' => '/Users/vibhavp/Library/Caches/typescript/4.1/node_modules/@types/type-is/index.d.ts'
[13:05:36.517] Adding entry into typings cache: 'umzug' => '/Users/vibhavp/Library/Caches/typescript/4.1/node_modules/@types/umzug/index.d.ts'
[13:05:36.517] Adding entry into typings cache: 'underscore' => '/Users/vibhavp/Library/Caches/typescript/4.1/node_modules/@types/underscore/index.d.ts'
[13:05:36.518] Adding entry into typings cache: 'universalify' => '/Users/vibhavp/Library/Caches/typescript/4.1/node_modules/@types/universalify/index.d.ts'
[13:05:36.519] Adding entry into typings cache: 'update-notifier' => '/Users/vibhavp/Library/Caches/typescript/4.1/node_modules/@types/update-notifier/index.d.ts'
[13:05:36.520] Adding entry into typings cache: 'urix' => '/Users/vibhavp/Library/Caches/typescript/4.1/node_modules/@types/urix/index.d.ts'
[13:05:36.521] Adding entry into typings cache: 'useragent' => '/Users/vibhavp/Library/Caches/typescript/4.1/node_modules/@types/useragent/index.d.ts'
[13:05:36.521] Adding entry into typings cache: 'util-deprecate' => '/Users/vibhavp/Library/Caches/typescript/4.1/node_modules/@types/util-deprecate/index.d.ts'
[13:05:36.522] Adding entry into typings cache: 'utils-merge' => '/Users/vibhavp/Library/Caches/typescript/4.1/node_modules/@types/utils-merge/index.d.ts'
[13:05:36.523] Adding entry into typings cache: 'uuid' => '/Users/vibhavp/Library/Caches/typescript/4.1/node_modules/@types/uuid/index.d.ts'
[13:05:36.523] Adding entry into typings cache: 'v8flags' => '/Users/vibhavp/Library/Caches/typescript/4.1/node_modules/@types/v8flags/index.d.ts'
[13:05:36.524] Adding entry into typings cache: 'validate-npm-package-license' => '/Users/vibhavp/Library/Caches/typescript/4.1/node_modules/@types/validate-npm-package-license/index.d.ts'
[13:05:36.525] Adding entry into typings cache: 'validator' => '/Users/vibhavp/Library/Caches/typescript/4.1/node_modules/@types/validator/index.d.ts'
[13:05:36.525] Adding entry into typings cache: 'vary' => '/Users/vibhavp/Library/Caches/typescript/4.1/node_modules/@types/vary/index.d.ts'
[13:05:36.526] Adding entry into typings cache: 'verror' => '/Users/vibhavp/Library/Caches/typescript/4.1/node_modules/@types/verror/index.d.ts'
[13:05:36.527] Adding entry into typings cache: 'w3c-xmlserializer' => '/Users/vibhavp/Library/Caches/typescript/4.1/node_modules/@types/w3c-xmlserializer/index.d.ts'
[13:05:36.527] Adding entry into typings cache: 'webidl-conversions' => '/Users/vibhavp/Library/Caches/typescript/4.1/node_modules/@types/webidl-conversions/index.d.ts'
[13:05:36.528] Adding entry into typings cache: 'whatwg-encoding' => '/Users/vibhavp/Library/Caches/typescript/4.1/node_modules/@types/whatwg-encoding/index.d.ts'
[13:05:36.529] Adding entry into typings cache: 'whatwg-mimetype' => '/Users/vibhavp/Library/Caches/typescript/4.1/node_modules/@types/whatwg-mimetype/index.d.ts'
[13:05:36.529] Adding entry into typings cache: 'whatwg-url' => '/Users/vibhavp/Library/Caches/typescript/4.1/node_modules/@types/whatwg-url/index.d.ts'
[13:05:36.530] Adding entry into typings cache: 'which' => '/Users/vibhavp/Library/Caches/typescript/4.1/node_modules/@types/which/index.d.ts'
[13:05:36.531] Adding entry into typings cache: 'wrap-ansi' => '/Users/vibhavp/Library/Caches/typescript/4.1/node_modules/@types/wrap-ansi/index.d.ts'
[13:05:36.532] Adding entry into typings cache: 'write' => '/Users/vibhavp/Library/Caches/typescript/4.1/node_modules/@types/write/index.d.ts'
[13:05:36.532] Adding entry into typings cache: 'write-file-atomic' => '/Users/vibhavp/Library/Caches/typescript/4.1/node_modules/@types/write-file-atomic/index.d.ts'
[13:05:36.533] Adding entry into typings cache: 'ws' => '/Users/vibhavp/Library/Caches/typescript/4.1/node_modules/@types/ws/index.d.ts'
[13:05:36.534] Adding entry into typings cache: 'xml' => '/Users/vibhavp/Library/Caches/typescript/4.1/node_modules/@types/xml/index.d.ts'
[13:05:36.534] Adding entry into typings cache: 'xtend' => '/Users/vibhavp/Library/Caches/typescript/4.1/node_modules/@types/xtend/index.d.ts'
[13:05:36.535] Adding entry into typings cache: 'y18n' => '/Users/vibhavp/Library/Caches/typescript/4.1/node_modules/@types/y18n/index.d.ts'
[13:05:36.536] Adding entry into typings cache: 'yallist' => '/Users/vibhavp/Library/Caches/typescript/4.1/node_modules/@types/yallist/index.d.ts'
[13:05:36.536] Adding entry into typings cache: 'yargs' => '/Users/vibhavp/Library/Caches/typescript/4.1/node_modules/@types/yargs/index.d.ts'
[13:05:36.537] Adding entry into typings cache: 'yargs-parser' => '/Users/vibhavp/Library/Caches/typescript/4.1/node_modules/@types/yargs-parser/index.d.ts'
[13:05:36.538] Adding entry into typings cache: 'yauzl' => '/Users/vibhavp/Library/Caches/typescript/4.1/node_modules/@types/yauzl/index.d.ts'
[13:05:36.538] Adding entry into typings cache: 'yup' => '/Users/vibhavp/Library/Caches/typescript/4.1/node_modules/@types/yup/index.d.ts'
[13:05:36.538] Finished processing cache location '/Users/vibhavp/Library/Caches/typescript/4.1'
[13:05:36.539] Process id: 22933
[13:05:36.539] NPM location: /Users/vibhavp/.nvm/versions/node/v15.3.0/bin/npm (explicit '--npmLocation' not  provided)
[13:05:36.539] validateDefaultNpmLocation: false
[13:05:36.539] Npm config file: /Users/vibhavp/Library/Caches/typescript/4.1/package.json
[13:05:36.539] Updating types-registry npm package...
[13:05:36.540] Exec: /Users/vibhavp/.nvm/versions/node/v15.3.0/bin/npm install --ignore-scripts types-registry@latest
[13:05:38.151]     Succeeded. stdout:
    
    up to date, audited 390 packages in 1s

5 packages are looking for funding
  run `npm fund` for details

found 0 vulnerabilities

[13:05:38.151] Updated types-registry npm package
[13:05:38.169] Got install request {"projectName":"/dev/null/inferredProject1*","fileNames":["/Users/vibhavp/.nvm/versions/node/v15.3.0/lib/node_modules/typescript/lib/lib.d.ts","/Users/vibhavp/.nvm/versions/node/v15.3.0/lib/node_modules/typescript/lib/lib.es5.d.ts","/Users/vibhavp/.nvm/versions/node/v15.3.0/lib/node_modules/typescript/lib/lib.dom.d.ts","/Users/vibhavp/.nvm/versions/node/v15.3.0/lib/node_modules/typescript/lib/lib.webworker.importscripts.d.ts","/Users/vibhavp/.nvm/versions/node/v15.3.0/lib/node_modules/typescript/lib/lib.scripthost.d.ts","/Users/vibhavp/Downloads/html5-boilerplate_v8.0.0/js/main.js"],"compilerOptions":{"target":1,"jsx":1,"allowNonTsExtensions":true,"allowJs":true,"noEmitForJsFiles":true,"maxNodeModuleJsDepth":2},"typeAcquisition":{"enable":true,"include":[],"exclude":[]},"unresolvedImports":[],"projectRootPath":"/Users/vibhavp/Downloads/html5-boilerplate_v8.0.0/js","kind":"discover"}
[13:05:38.173] Loaded safelist from types map file '/users/vibhavp/.nvm/versions/node/v15.3.0/lib/node_modules/typescript/lib/typesmap.json'
[13:05:38.173] Explicitly included types: []
[13:05:38.174] Inferred typings from unresolved imports: []
[13:05:38.175] Result: {"cachedTypingPaths":[],"newTypingNames":[],"filesToWatch":["/Users/vibhavp/Downloads/html5-boilerplate_v8.0.0/js/bower_components","/Users/vibhavp/Downloads/html5-boilerplate_v8.0.0/js/node_modules"]}
[13:05:38.175] Finished typings discovery: {"cachedTypingPaths":[],"newTypingNames":[],"filesToWatch":["/Users/vibhavp/Downloads/html5-boilerplate_v8.0.0/js/bower_components","/Users/vibhavp/Downloads/html5-boilerplate_v8.0.0/js/node_modules"]}
[13:05:38.175] DirectoryWatcher:: Added:: WatchInfo: /Users/vibhavp/Downloads/html5-boilerplate_v8.0.0/js/bower_components
[13:05:38.177] DirectoryWatcher:: Added:: WatchInfo: /Users/vibhavp/Downloads/html5-boilerplate_v8.0.0/js/node_modules
[13:05:38.177] Sending response:
    {"projectName":"/dev/null/inferredProject1*","typeAcquisition":{"enable":true,"include":[],"exclude":[]},"compilerOptions":{"target":1,"jsx":1,"allowNonTsExtensions":true,"allowJs":true,"noEmitForJsFiles":true,"maxNodeModuleJsDepth":2},"typings":[],"unresolvedImports":[],"kind":"action::set"}
[13:05:38.178] Response has been sent.
[13:05:38.178] No new typings were requested as a result of typings discovery
[13:05:40.912] Got install request {"projectName":"/dev/null/inferredProject1*","fileNames":[],"compilerOptions":{"target":1,"jsx":1,"allowNonTsExtensions":true,"allowJs":true,"noEmitForJsFiles":true},"typeAcquisition":{"enable":true,"include":[],"exclude":[]},"unresolvedImports":[],"projectRootPath":"/Users/vibhavp/Downloads/html5-boilerplate_v8.0.0/js","kind":"discover"}
[13:05:40.912] Explicitly included types: []
[13:05:40.912] Inferred typings from unresolved imports: []
[13:05:40.913] Result: {"cachedTypingPaths":[],"newTypingNames":[],"filesToWatch":["/Users/vibhavp/Downloads/html5-boilerplate_v8.0.0/js/bower_components","/Users/vibhavp/Downloads/html5-boilerplate_v8.0.0/js/node_modules"]}
[13:05:40.913] Finished typings discovery: {"cachedTypingPaths":[],"newTypingNames":[],"filesToWatch":["/Users/vibhavp/Downloads/html5-boilerplate_v8.0.0/js/bower_components","/Users/vibhavp/Downloads/html5-boilerplate_v8.0.0/js/node_modules"]}
[13:05:40.913] Sending response:
    {"projectName":"/dev/null/inferredProject1*","typeAcquisition":{"enable":true,"include":[],"exclude":[]},"compilerOptions":{"target":1,"jsx":1,"allowNonTsExtensions":true,"allowJs":true,"noEmitForJsFiles":true},"typings":[],"unresolvedImports":[],"kind":"action::set"}
[13:05:40.913] Response has been sent.
[13:05:40.913] No new typings were requested as a result of typings discovery
